<?xml version="1.0" encoding="UTF-8"?>
<testsuite xmlns:xsi="http://www.w3.org/2001/XMLSchema-instance" xsi:noNamespaceSchemaLocation="https://maven.apache.org/surefire/maven-surefire-plugin/xsd/surefire-test-report-3.0.xsd" version="3.0" name="com.demo.alertsn7_backend.Alertsn7BackendApplicationTests" time="26.938" tests="1" errors="0" skipped="0" failures="0">
  <properties>
[...]
</properties>
  <testcase name="contextLoads" classname="com.demo.alertsn7_backend.Alertsn7BackendApplicationTests" time="0.652">
    <system-out><![CDATA[11:13:49.343 [main] INFO org.springframework.test.context.support.AnnotationConfigContextLoaderUtils -- Could not detect default configuration classes for test class [com.demo.alertsn7_backend.Alertsn7BackendApplicationTests]: Alertsn7BackendApplicationTests does not declare any static, non-private, non-final, nested classes annotated with @Configuration.
11:13:49.486 [main] INFO org.springframework.boot.test.context.SpringBootTestContextBootstrapper -- Found @SpringBootConfiguration com.demo.alertsn7_backend.Alertsn7BackendApplication for test class com.demo.alertsn7_backend.Alertsn7BackendApplicationTests

  .   ____          _            __ _ _
 /\\ / ___'_ __ _ _(_)_ __  __ _ \ \ \ \
( ( )\___ | '_ | '_| | '_ \/ _` | \ \ \ \
 \\/  ___)| |_)| | | | | || (_| |  ) ) ) )
  '  |____| .__|_| |_|_| |_\__, | / / / /
 =========|_|==============|___/=/_/_/_/
 :: Spring Boot ::                (v3.1.4)

2024-01-05T11:13:50.103-03:00  INFO 15096 --- [           main] c.d.a.Alertsn7BackendApplicationTests    : Starting Alertsn7BackendApplicationTests using Java 17.0.7 with PID 15096 (started by nico- in Z:\YoProgramo\Mis Proyectos\alertsn7_backend)
2024-01-05T11:13:50.106-03:00  INFO 15096 --- [           main] c.d.a.Alertsn7BackendApplicationTests    : No active profile set, falling back to 1 default profile: "default"
2024-01-05T11:13:50.974-03:00  INFO 15096 --- [           main] .s.d.r.c.RepositoryConfigurationDelegate : Bootstrapping Spring Data JPA repositories in DEFAULT mode.
2024-01-05T11:13:51.052-03:00  INFO 15096 --- [           main] .s.d.r.c.RepositoryConfigurationDelegate : Finished Spring Data repository scanning in 67 ms. Found 1 JPA repository interfaces.
2024-01-05T11:13:51.681-03:00  INFO 15096 --- [           main] o.hibernate.jpa.internal.util.LogHelper  : HHH000204: Processing PersistenceUnitInfo [name: default]
2024-01-05T11:13:51.762-03:00  INFO 15096 --- [           main] org.hibernate.Version                    : HHH000412: Hibernate ORM core version 6.2.9.Final
2024-01-05T11:13:51.765-03:00  INFO 15096 --- [           main] org.hibernate.cfg.Environment            : HHH000406: Using bytecode reflection optimizer
2024-01-05T11:13:52.046-03:00  INFO 15096 --- [           main] o.h.b.i.BytecodeProviderInitiator        : HHH000021: Bytecode provider name : bytebuddy
2024-01-05T11:13:52.245-03:00  INFO 15096 --- [           main] o.s.o.j.p.SpringPersistenceUnitInfo      : No LoadTimeWeaver setup: ignoring JPA class transformer
2024-01-05T11:13:52.267-03:00  INFO 15096 --- [           main] com.zaxxer.hikari.HikariDataSource       : HikariPool-1 - Starting...
2024-01-05T11:13:56.193-03:00  INFO 15096 --- [           main] com.zaxxer.hikari.pool.HikariPool        : HikariPool-1 - Added connection com.mysql.cj.jdbc.ConnectionImpl@b01cb8d
2024-01-05T11:13:56.196-03:00  INFO 15096 --- [           main] com.zaxxer.hikari.HikariDataSource       : HikariPool-1 - Start completed.
2024-01-05T11:13:56.502-03:00  WARN 15096 --- [           main] org.hibernate.orm.deprecation            : HHH90000026: MySQL8Dialect has been deprecated; use org.hibernate.dialect.MySQLDialect instead
2024-01-05T11:13:56.835-03:00  INFO 15096 --- [           main] o.h.b.i.BytecodeProviderInitiator        : HHH000021: Bytecode provider name : bytebuddy
2024-01-05T11:13:57.777-03:00  INFO 15096 --- [           main] o.h.e.t.j.p.i.JtaPlatformInitiator       : HHH000490: Using JtaPlatform implementation: [org.hibernate.engine.transaction.jta.platform.internal.NoJtaPlatform]
2024-01-05T11:14:14.276-03:00  INFO 15096 --- [           main] j.LocalContainerEntityManagerFactoryBean : Initialized JPA EntityManagerFactory for persistence unit 'default'
2024-01-05T11:14:14.858-03:00  WARN 15096 --- [           main] JpaBaseConfiguration$JpaWebConfiguration : spring.jpa.open-in-view is enabled by default. Therefore, database queries may be performed during view rendering. Explicitly configure spring.jpa.open-in-view to disable this warning
2024-01-05T11:14:15.382-03:00  INFO 15096 --- [           main] c.d.a.Alertsn7BackendApplicationTests    : Started Alertsn7BackendApplicationTests in 25.69 seconds (process running for 27.081)
]]></system-out>
  </testcase>
</testsuite>